app/build/intermediates/manifest_merge_blame_file/debug/manifest-merger-blame-debug-report.txt
1<?xml version="1.0" encoding="utf-8"?>
2<manifest xmlns:android="http://schemas.android.com/apk/res/android"
3    package="com.example.mad_project"
4    android:versionCode="1"
5    android:versionName="1.0" >
6
7    <uses-sdk
8        android:minSdkVersion="25"
8-->src\main\AndroidManifest.xml
9        android:targetSdkVersion="32" />
9-->src\main\AndroidManifest.xml
10
11    <queries>
11-->src\main\AndroidManifest.xml:4:5-8:15
12        <intent>
12-->src\main\AndroidManifest.xml:5:9-7:18
13            <action android:name="com.google.android.youtube.api.service.START" />
13-->src\main\AndroidManifest.xml:6:13-83
13-->src\main\AndroidManifest.xml:6:21-80
14        </intent>
15    </queries>
16
17    <uses-permission android:name="android.permission.INTERNET" />
17-->src\main\AndroidManifest.xml:9:5-67
17-->src\main\AndroidManifest.xml:9:22-64
18    <uses-permission android:name="android.permission.CALL_PHONE" />
18-->src\main\AndroidManifest.xml:10:5-69
18-->src\main\AndroidManifest.xml:10:22-66
19    <uses-permission android:name="android.permission.ACCESS_NETWORK_STATE" />
19-->[com.google.firebase:firebase-auth:21.0.2] AndroidManifest.xml:24:5-79
19-->[com.google.firebase:firebase-auth:21.0.2] AndroidManifest.xml:24:22-76
20
21    <application
21-->src\main\AndroidManifest.xml:11:5-49:19
22        android:allowBackup="true"
22-->src\main\AndroidManifest.xml:12:9-35
23        android:appComponentFactory="androidx.core.app.CoreComponentFactory"
23-->[androidx.core:core:1.7.0] AndroidManifest.xml:24:18-86
24        android:debuggable="true"
25        android:extractNativeLibs="false"
26        android:icon="@mipmap/ic_launcher"
26-->src\main\AndroidManifest.xml:13:9-43
27        android:label="@string/app_name"
27-->src\main\AndroidManifest.xml:14:9-41
28        android:roundIcon="@mipmap/ic_launcher_round"
28-->src\main\AndroidManifest.xml:15:9-54
29        android:supportsRtl="true"
29-->src\main\AndroidManifest.xml:16:9-35
30        android:testOnly="true"
31        android:theme="@style/Theme.MAD_Project" >
31-->src\main\AndroidManifest.xml:17:9-49
32        <activity
32-->src\main\AndroidManifest.xml:18:9-20:40
33            android:name="com.example.mad_project.HomePage"
33-->src\main\AndroidManifest.xml:19:13-37
34            android:exported="false" />
34-->src\main\AndroidManifest.xml:20:13-37
35        <activity
35-->src\main\AndroidManifest.xml:21:9-23:40
36            android:name="com.example.mad_project.Model"
36-->src\main\AndroidManifest.xml:22:13-34
37            android:exported="false" />
37-->src\main\AndroidManifest.xml:23:13-37
38        <activity
38-->src\main\AndroidManifest.xml:24:9-26:40
39            android:name="com.example.mad_project.register"
39-->src\main\AndroidManifest.xml:25:13-37
40            android:exported="false" />
40-->src\main\AndroidManifest.xml:26:13-37
41        <activity
41-->src\main\AndroidManifest.xml:27:9-29:40
42            android:name="com.example.mad_project.login"
42-->src\main\AndroidManifest.xml:28:13-34
43            android:exported="false" />
43-->src\main\AndroidManifest.xml:29:13-37
44        <activity
44-->src\main\AndroidManifest.xml:30:9-39:20
45            android:name="com.example.mad_project.MainActivity"
45-->src\main\AndroidManifest.xml:31:13-41
46            android:exported="true" >
46-->src\main\AndroidManifest.xml:32:13-36
47            <intent-filter>
47-->src\main\AndroidManifest.xml:34:13-38:29
48                <action android:name="android.intent.action.MAIN" />
48-->src\main\AndroidManifest.xml:35:17-69
48-->src\main\AndroidManifest.xml:35:25-66
49
50                <category android:name="android.intent.category.LAUNCHER" />
50-->src\main\AndroidManifest.xml:37:17-77
50-->src\main\AndroidManifest.xml:37:27-74
51            </intent-filter>
52        </activity>
53        <activity
53-->src\main\AndroidManifest.xml:40:9-42:39
54            android:name="com.example.mad_project.YouTube"
54-->src\main\AndroidManifest.xml:41:13-36
55            android:exported="false" />
55-->src\main\AndroidManifest.xml:42:13-37
56        <activity
56-->src\main\AndroidManifest.xml:43:9-45:39
57            android:name="com.example.mad_project.VideoPlayer"
57-->src\main\AndroidManifest.xml:44:13-40
58            android:exported="false" />
58-->src\main\AndroidManifest.xml:45:13-37
59        <activity
59-->src\main\AndroidManifest.xml:46:9-48:39
60            android:name="com.example.mad_project.Articles"
60-->src\main\AndroidManifest.xml:47:13-37
61            android:exported="false" />
61-->src\main\AndroidManifest.xml:48:13-37
62        <activity
62-->[com.google.firebase:firebase-auth:21.0.2] AndroidManifest.xml:27:9-44:20
63            android:name="com.google.firebase.auth.internal.GenericIdpActivity"
63-->[com.google.firebase:firebase-auth:21.0.2] AndroidManifest.xml:28:13-80
64            android:excludeFromRecents="true"
64-->[com.google.firebase:firebase-auth:21.0.2] AndroidManifest.xml:29:13-46
65            android:exported="true"
65-->[com.google.firebase:firebase-auth:21.0.2] AndroidManifest.xml:30:13-36
66            android:launchMode="singleTask"
66-->[com.google.firebase:firebase-auth:21.0.2] AndroidManifest.xml:31:13-44
67            android:theme="@android:style/Theme.Translucent.NoTitleBar" >
67-->[com.google.firebase:firebase-auth:21.0.2] AndroidManifest.xml:32:13-72
68            <intent-filter>
68-->[com.google.firebase:firebase-auth:21.0.2] AndroidManifest.xml:33:13-43:29
69                <action android:name="android.intent.action.VIEW" />
69-->[com.google.firebase:firebase-auth:21.0.2] AndroidManifest.xml:34:17-69
69-->[com.google.firebase:firebase-auth:21.0.2] AndroidManifest.xml:34:25-66
70
71                <category android:name="android.intent.category.DEFAULT" />
71-->[com.google.firebase:firebase-auth:21.0.2] AndroidManifest.xml:36:17-76
71-->[com.google.firebase:firebase-auth:21.0.2] AndroidManifest.xml:36:27-73
72                <category android:name="android.intent.category.BROWSABLE" />
72-->[com.google.firebase:firebase-auth:21.0.2] AndroidManifest.xml:37:17-78
72-->[com.google.firebase:firebase-auth:21.0.2] AndroidManifest.xml:37:27-75
73
74                <data
74-->[com.google.firebase:firebase-auth:21.0.2] AndroidManifest.xml:39:17-42:51
75                    android:host="firebase.auth"
75-->[com.google.firebase:firebase-auth:21.0.2] AndroidManifest.xml:40:21-49
76                    android:path="/"
76-->[com.google.firebase:firebase-auth:21.0.2] AndroidManifest.xml:41:21-37
77                    android:scheme="genericidp" />
77-->[com.google.firebase:firebase-auth:21.0.2] AndroidManifest.xml:42:21-48
78            </intent-filter>
79        </activity>
80        <activity
80-->[com.google.firebase:firebase-auth:21.0.2] AndroidManifest.xml:45:9-62:20
81            android:name="com.google.firebase.auth.internal.RecaptchaActivity"
81-->[com.google.firebase:firebase-auth:21.0.2] AndroidManifest.xml:46:13-79
82            android:excludeFromRecents="true"
82-->[com.google.firebase:firebase-auth:21.0.2] AndroidManifest.xml:47:13-46
83            android:exported="true"
83-->[com.google.firebase:firebase-auth:21.0.2] AndroidManifest.xml:48:13-36
84            android:launchMode="singleTask"
84-->[com.google.firebase:firebase-auth:21.0.2] AndroidManifest.xml:49:13-44
85            android:theme="@android:style/Theme.Translucent.NoTitleBar" >
85-->[com.google.firebase:firebase-auth:21.0.2] AndroidManifest.xml:50:13-72
86            <intent-filter>
86-->[com.google.firebase:firebase-auth:21.0.2] AndroidManifest.xml:51:13-61:29
87                <action android:name="android.intent.action.VIEW" />
87-->[com.google.firebase:firebase-auth:21.0.2] AndroidManifest.xml:34:17-69
87-->[com.google.firebase:firebase-auth:21.0.2] AndroidManifest.xml:34:25-66
88
89                <category android:name="android.intent.category.DEFAULT" />
89-->[com.google.firebase:firebase-auth:21.0.2] AndroidManifest.xml:36:17-76
89-->[com.google.firebase:firebase-auth:21.0.2] AndroidManifest.xml:36:27-73
90                <category android:name="android.intent.category.BROWSABLE" />
90-->[com.google.firebase:firebase-auth:21.0.2] AndroidManifest.xml:37:17-78
90-->[com.google.firebase:firebase-auth:21.0.2] AndroidManifest.xml:37:27-75
91
92                <data
92-->[com.google.firebase:firebase-auth:21.0.2] AndroidManifest.xml:39:17-42:51
93                    android:host="firebase.auth"
93-->[com.google.firebase:firebase-auth:21.0.2] AndroidManifest.xml:40:21-49
94                    android:path="/"
94-->[com.google.firebase:firebase-auth:21.0.2] AndroidManifest.xml:41:21-37
95                    android:scheme="recaptcha" />
95-->[com.google.firebase:firebase-auth:21.0.2] AndroidManifest.xml:42:21-48
96            </intent-filter>
97        </activity>
98
99        <service
99-->[com.google.firebase:firebase-auth:21.0.2] AndroidManifest.xml:64:9-70:19
100            android:name="com.google.firebase.components.ComponentDiscoveryService"
100-->[com.google.firebase:firebase-auth:21.0.2] AndroidManifest.xml:65:13-84
101            android:directBootAware="true"
101-->[com.google.firebase:firebase-common:20.1.0] AndroidManifest.xml:35:13-43
102            android:exported="false" >
102-->[com.google.firebase:firebase-auth:21.0.2] AndroidManifest.xml:66:13-37
103            <meta-data
103-->[com.google.firebase:firebase-auth:21.0.2] AndroidManifest.xml:67:13-69:85
104                android:name="com.google.firebase.components:com.google.firebase.auth.FirebaseAuthRegistrar"
104-->[com.google.firebase:firebase-auth:21.0.2] AndroidManifest.xml:68:17-109
105                android:value="com.google.firebase.components.ComponentRegistrar" />
105-->[com.google.firebase:firebase-auth:21.0.2] AndroidManifest.xml:69:17-82
106        </service>
107
108        <provider
108-->[com.google.firebase:firebase-common:20.1.0] AndroidManifest.xml:26:9-31:39
109            android:name="com.google.firebase.provider.FirebaseInitProvider"
109-->[com.google.firebase:firebase-common:20.1.0] AndroidManifest.xml:27:13-77
110            android:authorities="com.example.mad_project.firebaseinitprovider"
110-->[com.google.firebase:firebase-common:20.1.0] AndroidManifest.xml:28:13-72
111            android:directBootAware="true"
111-->[com.google.firebase:firebase-common:20.1.0] AndroidManifest.xml:29:13-43
112            android:exported="false"
112-->[com.google.firebase:firebase-common:20.1.0] AndroidManifest.xml:30:13-37
113            android:initOrder="100" />
113-->[com.google.firebase:firebase-common:20.1.0] AndroidManifest.xml:31:13-36
114
115        <activity
115-->[com.google.android.gms:play-services-base:17.1.0] AndroidManifest.xml:23:9-26:75
116            android:name="com.google.android.gms.common.api.GoogleApiActivity"
116-->[com.google.android.gms:play-services-base:17.1.0] AndroidManifest.xml:24:13-79
117            android:exported="false"
117-->[com.google.android.gms:play-services-base:17.1.0] AndroidManifest.xml:25:13-37
118            android:theme="@android:style/Theme.Translucent.NoTitleBar" />
118-->[com.google.android.gms:play-services-base:17.1.0] AndroidManifest.xml:26:13-72
119
120        <meta-data
120-->[com.google.android.gms:play-services-basement:18.0.0] AndroidManifest.xml:21:9-23:69
121            android:name="com.google.android.gms.version"
121-->[com.google.android.gms:play-services-basement:18.0.0] AndroidManifest.xml:22:13-58
122            android:value="@integer/google_play_services_version" />
122-->[com.google.android.gms:play-services-basement:18.0.0] AndroidManifest.xml:23:13-66
123
124        <provider
124-->[androidx.emoji2:emoji2:1.0.0] AndroidManifest.xml:26:9-34:20
125            android:name="androidx.startup.InitializationProvider"
125-->[androidx.emoji2:emoji2:1.0.0] AndroidManifest.xml:27:13-67
126            android:authorities="com.example.mad_project.androidx-startup"
126-->[androidx.emoji2:emoji2:1.0.0] AndroidManifest.xml:28:13-68
127            android:exported="false" >
127-->[androidx.emoji2:emoji2:1.0.0] AndroidManifest.xml:29:13-37
128            <meta-data
128-->[androidx.emoji2:emoji2:1.0.0] AndroidManifest.xml:31:13-33:52
129                android:name="androidx.emoji2.text.EmojiCompatInitializer"
129-->[androidx.emoji2:emoji2:1.0.0] AndroidManifest.xml:32:17-75
130                android:value="androidx.startup" />
130-->[androidx.emoji2:emoji2:1.0.0] AndroidManifest.xml:33:17-49
131            <meta-data
131-->[androidx.lifecycle:lifecycle-process:2.4.0] AndroidManifest.xml:31:13-33:52
132                android:name="androidx.lifecycle.ProcessLifecycleInitializer"
132-->[androidx.lifecycle:lifecycle-process:2.4.0] AndroidManifest.xml:32:17-78
133                android:value="androidx.startup" />
133-->[androidx.lifecycle:lifecycle-process:2.4.0] AndroidManifest.xml:33:17-49
134        </provider>
135    </application>
136
137</manifest>